root - DEBUG - This is a debug statement
root - INFO - This will get logged to a file
root - WARNING - This is a Warning
root - ERROR - This is an error!
root - DEBUG - Ending Buffer Method!
root - DEBUG - Ending Intersect Method!
root - DEBUG - Starting ETL Method...
urllib3.connectionpool - DEBUG - Starting new HTTPS connection (1): docs.google.com:443
urllib3.connectionpool - DEBUG - https://docs.google.com:443 "GET /spreadsheets/d/e/2PACX-1vRX4dscJkWPQ0k_ztex23ZvEnBnoCfo1-WPqlV9iMvgfWhnO8QrRjbMebytyglID1cIGeeBz69lo7Kh/pub?output=csv HTTP/1.1" 307 None
urllib3.connectionpool - DEBUG - Starting new HTTPS connection (1): doc-14-90-sheets.googleusercontent.com:443
urllib3.connectionpool - DEBUG - https://doc-14-90-sheets.googleusercontent.com:443 "GET /pub/l5l039s6ni5uumqbsj9o11lmdc/rabhg4hudecra3r4okj3dmql0g/1619656700000/106683511546676790691/*/e@2PACX-1vRX4dscJkWPQ0k_ztex23ZvEnBnoCfo1-WPqlV9iMvgfWhnO8QrRjbMebytyglID1cIGeeBz69lo7Kh?output=csv HTTP/1.1" 200 None
urllib3.connectionpool - DEBUG - Starting new HTTPS connection (1): geocoding.geo.census.gov:443
urllib3.connectionpool - DEBUG - https://geocoding.geo.census.gov:443 "GET /geocoder/locations/onelineaddress?address=2690%20Valmont%20Rd%20Boulder%20CO&benchmark=2020&format=json HTTP/1.1" 200 None
urllib3.connectionpool - DEBUG - Starting new HTTPS connection (1): geocoding.geo.census.gov:443
urllib3.connectionpool - DEBUG - https://geocoding.geo.census.gov:443 "GET /geocoder/locations/onelineaddress?address=3547%204th%20St%20Boulder%20CO&benchmark=2020&format=json HTTP/1.1" 200 None
urllib3.connectionpool - DEBUG - Starting new HTTPS connection (1): geocoding.geo.census.gov:443
urllib3.connectionpool - DEBUG - https://geocoding.geo.census.gov:443 "GET /geocoder/locations/onelineaddress?address=2333%20Walnut%20St.%20Boulder%20CO&benchmark=2020&format=json HTTP/1.1" 200 None
urllib3.connectionpool - DEBUG - Starting new HTTPS connection (1): geocoding.geo.census.gov:443
urllib3.connectionpool - DEBUG - https://geocoding.geo.census.gov:443 "GET /geocoder/locations/onelineaddress?address=4953%20Sundance%20SQ%20Boulder%20CO&benchmark=2020&format=json HTTP/1.1" 200 None
urllib3.connectionpool - DEBUG - Starting new HTTPS connection (1): geocoding.geo.census.gov:443
urllib3.connectionpool - DEBUG - https://geocoding.geo.census.gov:443 "GET /geocoder/locations/onelineaddress?address=1254%20Elder%20Ave%20Boulder%20CO&benchmark=2020&format=json HTTP/1.1" 200 None
urllib3.connectionpool - DEBUG - Starting new HTTPS connection (1): geocoding.geo.census.gov:443
urllib3.connectionpool - DEBUG - https://geocoding.geo.census.gov:443 "GET /geocoder/locations/onelineaddress?address=2221%20Spotswood%20Pl%20Boulder%20CO&benchmark=2020&format=json HTTP/1.1" 200 None
urllib3.connectionpool - DEBUG - Starting new HTTPS connection (1): geocoding.geo.census.gov:443
urllib3.connectionpool - DEBUG - https://geocoding.geo.census.gov:443 "GET /geocoder/locations/onelineaddress?address=2820%20ILIFF%20ST%20Boulder%20CO&benchmark=2020&format=json HTTP/1.1" 200 None
root - DEBUG - Ending ETL Method!
root - DEBUG - Starting Main Function...
root - DEBUG - Ending Main Method!
root - DEBUG - Starting Buffer Method...
root - DEBUG - Starting Buffer Method...
root - DEBUG - Starting Buffer Method...
root - DEBUG - Starting Buffer Method...
root - DEBUG - Starting Buffer Method...
root - DEBUG - Starting Intersect Method...
